{
"wwwroot\\src\\app\\home\\home.component.ts":{"path":"wwwroot\\src\\app\\home\\home.component.ts","statementMap":{"1":{"start":{"line":1,"column":0},"end":{"line":1,"column":42}},"2":{"start":{"line":7,"column":0},"end":{"line":11,"column":1}},"3":{"start":{"line":8,"column":4},"end":{"line":8,"column":32}},"4":{"start":{"line":9,"column":4},"end":{"line":9,"column":83}},"5":{"start":{"line":10,"column":4},"end":{"line":10,"column":61}},"6":{"start":{"line":3,"column":0},"end":{"line":6,"column":2}},"7":{"start":{"line":11,"column":0},"end":{"line":11,"column":1}},"8":{"start":{"line":7,"column":13},"end":{"line":11,"column":1}}},"fnMap":{"1":{"name":"(anonymous_3)","line":7,"loc":{"start":{"line":7,"column":0},"end":{"line":null,"column":-1}}}},"branchMap":{},"s":{"1":1,"2":2,"3":3,"4":3,"5":3,"6":1,"7":1,"8":1},"b":{},"f":{"1":4},"l":{"1":1,"3":1,"7":2,"8":3,"9":3,"10":3,"11":1}}}
